2023-08-06 00:01:36,107 INFO 37932 [egg-schedule]: register schedule F:\test\egg\space-eaas\node_modules\egg-multipart\app\schedule\clean_tmpdir.js
2023-08-06 00:01:36,107 INFO 37932 [egg-schedule]: register schedule F:\test\egg\space-eaas\node_modules\egg-logrotator\app\schedule\clean_log.js
2023-08-06 00:01:36,107 INFO 37932 [egg-schedule]: register schedule F:\test\egg\space-eaas\node_modules\egg-logrotator\app\schedule\rotate_by_file.js
2023-08-06 00:07:14,563 INFO 66712 [egg-schedule]: register schedule F:\test\egg\space-eaas\node_modules\egg-multipart\app\schedule\clean_tmpdir.js
2023-08-06 00:07:14,563 INFO 66712 [egg-schedule]: register schedule F:\test\egg\space-eaas\node_modules\egg-logrotator\app\schedule\clean_log.js
2023-08-06 00:07:14,563 INFO 66712 [egg-schedule]: register schedule F:\test\egg\space-eaas\node_modules\egg-logrotator\app\schedule\rotate_by_file.js
2023-08-06 00:07:18,380 INFO 55356 [egg-schedule]: register schedule F:\test\egg\space-eaas\node_modules\egg-multipart\app\schedule\clean_tmpdir.js
2023-08-06 00:07:18,380 INFO 55356 [egg-schedule]: register schedule F:\test\egg\space-eaas\node_modules\egg-logrotator\app\schedule\clean_log.js
2023-08-06 00:07:18,380 INFO 55356 [egg-schedule]: register schedule F:\test\egg\space-eaas\node_modules\egg-logrotator\app\schedule\rotate_by_file.js
2023-08-06 00:07:33,196 INFO 66816 [egg-schedule]: register schedule F:\test\egg\space-eaas\node_modules\egg-multipart\app\schedule\clean_tmpdir.js
2023-08-06 00:07:33,196 INFO 66816 [egg-schedule]: register schedule F:\test\egg\space-eaas\node_modules\egg-logrotator\app\schedule\clean_log.js
2023-08-06 00:07:33,196 INFO 66816 [egg-schedule]: register schedule F:\test\egg\space-eaas\node_modules\egg-logrotator\app\schedule\rotate_by_file.js
2023-08-06 00:28:29,016 INFO 66136 [egg-schedule]: register schedule F:\test\egg\space-eaas\node_modules\egg-multipart\app\schedule\clean_tmpdir.js
2023-08-06 00:28:29,016 INFO 66136 [egg-schedule]: register schedule F:\test\egg\space-eaas\node_modules\egg-logrotator\app\schedule\clean_log.js
2023-08-06 00:28:29,016 INFO 66136 [egg-schedule]: register schedule F:\test\egg\space-eaas\node_modules\egg-logrotator\app\schedule\rotate_by_file.js
2023-08-06 00:29:07,523 INFO 68440 [egg-schedule]: register schedule F:\test\egg\space-eaas\node_modules\egg-multipart\app\schedule\clean_tmpdir.js
2023-08-06 00:29:07,523 INFO 68440 [egg-schedule]: register schedule F:\test\egg\space-eaas\node_modules\egg-logrotator\app\schedule\clean_log.js
2023-08-06 00:29:07,523 INFO 68440 [egg-schedule]: register schedule F:\test\egg\space-eaas\node_modules\egg-logrotator\app\schedule\rotate_by_file.js
2023-08-06 00:30:25,007 INFO 55556 [egg-schedule]: register schedule F:\test\egg\space-eaas\node_modules\egg-multipart\app\schedule\clean_tmpdir.js
2023-08-06 00:30:25,007 INFO 55556 [egg-schedule]: register schedule F:\test\egg\space-eaas\node_modules\egg-logrotator\app\schedule\clean_log.js
2023-08-06 00:30:25,007 INFO 55556 [egg-schedule]: register schedule F:\test\egg\space-eaas\node_modules\egg-logrotator\app\schedule\rotate_by_file.js
2023-08-06 00:34:05,146 INFO 37496 [egg-schedule]: register schedule F:\test\egg\space-eaas\node_modules\egg-multipart\app\schedule\clean_tmpdir.js
2023-08-06 00:34:05,146 INFO 37496 [egg-schedule]: register schedule F:\test\egg\space-eaas\node_modules\egg-logrotator\app\schedule\clean_log.js
2023-08-06 00:34:05,146 INFO 37496 [egg-schedule]: register schedule F:\test\egg\space-eaas\node_modules\egg-logrotator\app\schedule\rotate_by_file.js
2023-08-06 00:35:14,242 INFO 70228 [egg-schedule]: register schedule F:\test\egg\space-eaas\node_modules\egg-multipart\app\schedule\clean_tmpdir.js
2023-08-06 00:35:14,242 INFO 70228 [egg-schedule]: register schedule F:\test\egg\space-eaas\node_modules\egg-logrotator\app\schedule\clean_log.js
2023-08-06 00:35:14,242 INFO 70228 [egg-schedule]: register schedule F:\test\egg\space-eaas\node_modules\egg-logrotator\app\schedule\rotate_by_file.js
2023-08-06 00:35:23,147 INFO 69528 [egg-schedule]: register schedule F:\test\egg\space-eaas\node_modules\egg-multipart\app\schedule\clean_tmpdir.js
2023-08-06 00:35:23,147 INFO 69528 [egg-schedule]: register schedule F:\test\egg\space-eaas\node_modules\egg-logrotator\app\schedule\clean_log.js
2023-08-06 00:35:23,147 INFO 69528 [egg-schedule]: register schedule F:\test\egg\space-eaas\node_modules\egg-logrotator\app\schedule\rotate_by_file.js
2023-08-06 00:36:10,282 INFO 70276 [egg-schedule]: register schedule F:\test\egg\space-eaas\node_modules\egg-multipart\app\schedule\clean_tmpdir.js
2023-08-06 00:36:10,283 INFO 70276 [egg-schedule]: register schedule F:\test\egg\space-eaas\node_modules\egg-logrotator\app\schedule\clean_log.js
2023-08-06 00:36:10,283 INFO 70276 [egg-schedule]: register schedule F:\test\egg\space-eaas\node_modules\egg-logrotator\app\schedule\rotate_by_file.js
2023-08-06 00:36:11,860 INFO 65100 [egg-schedule]: register schedule F:\test\egg\space-eaas\node_modules\egg-multipart\app\schedule\clean_tmpdir.js
2023-08-06 00:36:11,860 INFO 65100 [egg-schedule]: register schedule F:\test\egg\space-eaas\node_modules\egg-logrotator\app\schedule\clean_log.js
2023-08-06 00:36:11,860 INFO 65100 [egg-schedule]: register schedule F:\test\egg\space-eaas\node_modules\egg-logrotator\app\schedule\rotate_by_file.js
2023-08-06 00:36:35,288 INFO 67348 [egg-schedule]: register schedule F:\test\egg\space-eaas\node_modules\egg-multipart\app\schedule\clean_tmpdir.js
2023-08-06 00:36:35,288 INFO 67348 [egg-schedule]: register schedule F:\test\egg\space-eaas\node_modules\egg-logrotator\app\schedule\clean_log.js
2023-08-06 00:36:35,288 INFO 67348 [egg-schedule]: register schedule F:\test\egg\space-eaas\node_modules\egg-logrotator\app\schedule\rotate_by_file.js
2023-08-06 00:36:47,401 INFO 67632 [egg-schedule]: register schedule F:\test\egg\space-eaas\node_modules\egg-multipart\app\schedule\clean_tmpdir.js
2023-08-06 00:36:47,401 INFO 67632 [egg-schedule]: register schedule F:\test\egg\space-eaas\node_modules\egg-logrotator\app\schedule\clean_log.js
2023-08-06 00:36:47,401 INFO 67632 [egg-schedule]: register schedule F:\test\egg\space-eaas\node_modules\egg-logrotator\app\schedule\rotate_by_file.js
2023-08-06 00:36:58,270 INFO 43808 [egg-schedule]: register schedule F:\test\egg\space-eaas\node_modules\egg-multipart\app\schedule\clean_tmpdir.js
2023-08-06 00:36:58,270 INFO 43808 [egg-schedule]: register schedule F:\test\egg\space-eaas\node_modules\egg-logrotator\app\schedule\clean_log.js
2023-08-06 00:36:58,270 INFO 43808 [egg-schedule]: register schedule F:\test\egg\space-eaas\node_modules\egg-logrotator\app\schedule\rotate_by_file.js
2023-08-06 00:37:10,910 INFO 59464 [egg-schedule]: register schedule F:\test\egg\space-eaas\node_modules\egg-multipart\app\schedule\clean_tmpdir.js
2023-08-06 00:37:10,911 INFO 59464 [egg-schedule]: register schedule F:\test\egg\space-eaas\node_modules\egg-logrotator\app\schedule\clean_log.js
2023-08-06 00:37:10,911 INFO 59464 [egg-schedule]: register schedule F:\test\egg\space-eaas\node_modules\egg-logrotator\app\schedule\rotate_by_file.js
2023-08-06 00:37:31,745 INFO 70212 [egg-schedule]: register schedule F:\test\egg\space-eaas\node_modules\egg-multipart\app\schedule\clean_tmpdir.js
2023-08-06 00:37:31,745 INFO 70212 [egg-schedule]: register schedule F:\test\egg\space-eaas\node_modules\egg-logrotator\app\schedule\clean_log.js
2023-08-06 00:37:31,745 INFO 70212 [egg-schedule]: register schedule F:\test\egg\space-eaas\node_modules\egg-logrotator\app\schedule\rotate_by_file.js
2023-08-06 00:38:08,197 INFO 64744 [egg-schedule]: register schedule F:\test\egg\space-eaas\node_modules\egg-multipart\app\schedule\clean_tmpdir.js
2023-08-06 00:38:08,197 INFO 64744 [egg-schedule]: register schedule F:\test\egg\space-eaas\node_modules\egg-logrotator\app\schedule\clean_log.js
2023-08-06 00:38:08,197 INFO 64744 [egg-schedule]: register schedule F:\test\egg\space-eaas\node_modules\egg-logrotator\app\schedule\rotate_by_file.js
2023-08-06 00:38:59,941 INFO 45512 [egg-schedule]: register schedule F:\test\egg\space-eaas\node_modules\egg-multipart\app\schedule\clean_tmpdir.js
2023-08-06 00:38:59,941 INFO 45512 [egg-schedule]: register schedule F:\test\egg\space-eaas\node_modules\egg-logrotator\app\schedule\clean_log.js
2023-08-06 00:38:59,941 INFO 45512 [egg-schedule]: register schedule F:\test\egg\space-eaas\node_modules\egg-logrotator\app\schedule\rotate_by_file.js
2023-08-06 00:40:42,469 INFO 71384 [egg-schedule]: register schedule F:\test\egg\space-eaas\node_modules\egg-multipart\app\schedule\clean_tmpdir.js
2023-08-06 00:40:42,469 INFO 71384 [egg-schedule]: register schedule F:\test\egg\space-eaas\node_modules\egg-logrotator\app\schedule\clean_log.js
2023-08-06 00:40:42,469 INFO 71384 [egg-schedule]: register schedule F:\test\egg\space-eaas\node_modules\egg-logrotator\app\schedule\rotate_by_file.js
2023-08-06 00:41:45,720 INFO 35420 [egg-schedule]: register schedule F:\test\egg\space-eaas\node_modules\egg-multipart\app\schedule\clean_tmpdir.js
2023-08-06 00:41:45,720 INFO 35420 [egg-schedule]: register schedule F:\test\egg\space-eaas\node_modules\egg-logrotator\app\schedule\clean_log.js
2023-08-06 00:41:45,720 INFO 35420 [egg-schedule]: register schedule F:\test\egg\space-eaas\node_modules\egg-logrotator\app\schedule\rotate_by_file.js
2023-08-06 00:42:00,791 INFO 69088 [egg-schedule]: register schedule F:\test\egg\space-eaas\node_modules\egg-multipart\app\schedule\clean_tmpdir.js
2023-08-06 00:42:00,791 INFO 69088 [egg-schedule]: register schedule F:\test\egg\space-eaas\node_modules\egg-logrotator\app\schedule\clean_log.js
2023-08-06 00:42:00,791 INFO 69088 [egg-schedule]: register schedule F:\test\egg\space-eaas\node_modules\egg-logrotator\app\schedule\rotate_by_file.js
2023-08-06 00:44:44,849 INFO 61964 [egg-schedule]: register schedule F:\test\egg\space-eaas\node_modules\egg-multipart\app\schedule\clean_tmpdir.js
2023-08-06 00:44:44,849 INFO 61964 [egg-schedule]: register schedule F:\test\egg\space-eaas\node_modules\egg-logrotator\app\schedule\clean_log.js
2023-08-06 00:44:44,849 INFO 61964 [egg-schedule]: register schedule F:\test\egg\space-eaas\node_modules\egg-logrotator\app\schedule\rotate_by_file.js
2023-08-06 00:44:54,969 INFO 72032 [egg-schedule]: register schedule F:\test\egg\space-eaas\node_modules\egg-multipart\app\schedule\clean_tmpdir.js
2023-08-06 00:44:54,970 INFO 72032 [egg-schedule]: register schedule F:\test\egg\space-eaas\node_modules\egg-logrotator\app\schedule\clean_log.js
2023-08-06 00:44:54,970 INFO 72032 [egg-schedule]: register schedule F:\test\egg\space-eaas\node_modules\egg-logrotator\app\schedule\rotate_by_file.js
2023-08-06 00:45:54,252 INFO 54236 [egg-schedule]: register schedule F:\test\egg\space-eaas\node_modules\egg-multipart\app\schedule\clean_tmpdir.js
2023-08-06 00:45:54,252 INFO 54236 [egg-schedule]: register schedule F:\test\egg\space-eaas\node_modules\egg-logrotator\app\schedule\clean_log.js
2023-08-06 00:45:54,252 INFO 54236 [egg-schedule]: register schedule F:\test\egg\space-eaas\node_modules\egg-logrotator\app\schedule\rotate_by_file.js
2023-08-06 00:46:14,491 INFO 31292 [egg-schedule]: register schedule F:\test\egg\space-eaas\node_modules\egg-multipart\app\schedule\clean_tmpdir.js
2023-08-06 00:46:14,491 INFO 31292 [egg-schedule]: register schedule F:\test\egg\space-eaas\node_modules\egg-logrotator\app\schedule\clean_log.js
2023-08-06 00:46:14,491 INFO 31292 [egg-schedule]: register schedule F:\test\egg\space-eaas\node_modules\egg-logrotator\app\schedule\rotate_by_file.js
2023-08-06 00:47:16,824 INFO 70048 [egg-schedule]: register schedule F:\test\egg\space-eaas\node_modules\egg-multipart\app\schedule\clean_tmpdir.js
2023-08-06 00:47:16,824 INFO 70048 [egg-schedule]: register schedule F:\test\egg\space-eaas\node_modules\egg-logrotator\app\schedule\clean_log.js
2023-08-06 00:47:16,824 INFO 70048 [egg-schedule]: register schedule F:\test\egg\space-eaas\node_modules\egg-logrotator\app\schedule\rotate_by_file.js
2023-08-06 00:47:29,749 INFO 48520 [egg-schedule]: register schedule F:\test\egg\space-eaas\node_modules\egg-multipart\app\schedule\clean_tmpdir.js
2023-08-06 00:47:29,749 INFO 48520 [egg-schedule]: register schedule F:\test\egg\space-eaas\node_modules\egg-logrotator\app\schedule\clean_log.js
2023-08-06 00:47:29,749 INFO 48520 [egg-schedule]: register schedule F:\test\egg\space-eaas\node_modules\egg-logrotator\app\schedule\rotate_by_file.js
2023-08-06 00:48:22,597 INFO 70480 [egg-schedule]: register schedule F:\test\egg\space-eaas\node_modules\egg-multipart\app\schedule\clean_tmpdir.js
2023-08-06 00:48:22,597 INFO 70480 [egg-schedule]: register schedule F:\test\egg\space-eaas\node_modules\egg-logrotator\app\schedule\clean_log.js
2023-08-06 00:48:22,597 INFO 70480 [egg-schedule]: register schedule F:\test\egg\space-eaas\node_modules\egg-logrotator\app\schedule\rotate_by_file.js
2023-08-06 00:48:53,241 INFO 67292 [egg-schedule]: register schedule F:\test\egg\space-eaas\node_modules\egg-multipart\app\schedule\clean_tmpdir.js
2023-08-06 00:48:53,241 INFO 67292 [egg-schedule]: register schedule F:\test\egg\space-eaas\node_modules\egg-logrotator\app\schedule\clean_log.js
2023-08-06 00:48:53,241 INFO 67292 [egg-schedule]: register schedule F:\test\egg\space-eaas\node_modules\egg-logrotator\app\schedule\rotate_by_file.js
2023-08-06 00:50:01,785 INFO 69824 [egg-schedule]: register schedule F:\test\egg\space-eaas\node_modules\egg-multipart\app\schedule\clean_tmpdir.js
2023-08-06 00:50:01,785 INFO 69824 [egg-schedule]: register schedule F:\test\egg\space-eaas\node_modules\egg-logrotator\app\schedule\clean_log.js
2023-08-06 00:50:01,785 INFO 69824 [egg-schedule]: register schedule F:\test\egg\space-eaas\node_modules\egg-logrotator\app\schedule\rotate_by_file.js
2023-08-06 00:51:01,972 INFO 65504 [egg-schedule]: register schedule F:\test\egg\space-eaas\node_modules\egg-multipart\app\schedule\clean_tmpdir.js
2023-08-06 00:51:01,972 INFO 65504 [egg-schedule]: register schedule F:\test\egg\space-eaas\node_modules\egg-logrotator\app\schedule\clean_log.js
2023-08-06 00:51:01,972 INFO 65504 [egg-schedule]: register schedule F:\test\egg\space-eaas\node_modules\egg-logrotator\app\schedule\rotate_by_file.js
2023-08-06 00:57:44,111 INFO 70296 [egg-schedule]: register schedule F:\test\egg\space-eaas\node_modules\egg-multipart\app\schedule\clean_tmpdir.js
2023-08-06 00:57:44,111 INFO 70296 [egg-schedule]: register schedule F:\test\egg\space-eaas\node_modules\egg-logrotator\app\schedule\clean_log.js
2023-08-06 00:57:44,111 INFO 70296 [egg-schedule]: register schedule F:\test\egg\space-eaas\node_modules\egg-logrotator\app\schedule\rotate_by_file.js
2023-08-06 00:57:54,726 INFO 72000 [egg-schedule]: register schedule F:\test\egg\space-eaas\node_modules\egg-multipart\app\schedule\clean_tmpdir.js
2023-08-06 00:57:54,727 INFO 72000 [egg-schedule]: register schedule F:\test\egg\space-eaas\node_modules\egg-logrotator\app\schedule\clean_log.js
2023-08-06 00:57:54,727 INFO 72000 [egg-schedule]: register schedule F:\test\egg\space-eaas\node_modules\egg-logrotator\app\schedule\rotate_by_file.js
2023-08-06 00:58:16,486 INFO 58068 [egg-schedule]: register schedule F:\test\egg\space-eaas\node_modules\egg-multipart\app\schedule\clean_tmpdir.js
2023-08-06 00:58:16,486 INFO 58068 [egg-schedule]: register schedule F:\test\egg\space-eaas\node_modules\egg-logrotator\app\schedule\clean_log.js
2023-08-06 00:58:16,486 INFO 58068 [egg-schedule]: register schedule F:\test\egg\space-eaas\node_modules\egg-logrotator\app\schedule\rotate_by_file.js
2023-08-06 00:58:43,699 INFO 70744 [egg-schedule]: register schedule F:\test\egg\space-eaas\node_modules\egg-multipart\app\schedule\clean_tmpdir.js
2023-08-06 00:58:43,699 INFO 70744 [egg-schedule]: register schedule F:\test\egg\space-eaas\node_modules\egg-logrotator\app\schedule\clean_log.js
2023-08-06 00:58:43,699 INFO 70744 [egg-schedule]: register schedule F:\test\egg\space-eaas\node_modules\egg-logrotator\app\schedule\rotate_by_file.js
2023-08-06 00:59:11,868 INFO 24436 [egg-schedule]: register schedule F:\test\egg\space-eaas\node_modules\egg-multipart\app\schedule\clean_tmpdir.js
2023-08-06 00:59:11,868 INFO 24436 [egg-schedule]: register schedule F:\test\egg\space-eaas\node_modules\egg-logrotator\app\schedule\clean_log.js
2023-08-06 00:59:11,868 INFO 24436 [egg-schedule]: register schedule F:\test\egg\space-eaas\node_modules\egg-logrotator\app\schedule\rotate_by_file.js
2023-08-06 00:59:13,266 INFO 71596 [egg-schedule]: register schedule F:\test\egg\space-eaas\node_modules\egg-multipart\app\schedule\clean_tmpdir.js
2023-08-06 00:59:13,266 INFO 71596 [egg-schedule]: register schedule F:\test\egg\space-eaas\node_modules\egg-logrotator\app\schedule\clean_log.js
2023-08-06 00:59:13,266 INFO 71596 [egg-schedule]: register schedule F:\test\egg\space-eaas\node_modules\egg-logrotator\app\schedule\rotate_by_file.js
2023-08-06 00:59:24,637 INFO 72204 [egg-schedule]: register schedule F:\test\egg\space-eaas\node_modules\egg-multipart\app\schedule\clean_tmpdir.js
2023-08-06 00:59:24,637 INFO 72204 [egg-schedule]: register schedule F:\test\egg\space-eaas\node_modules\egg-logrotator\app\schedule\clean_log.js
2023-08-06 00:59:24,637 INFO 72204 [egg-schedule]: register schedule F:\test\egg\space-eaas\node_modules\egg-logrotator\app\schedule\rotate_by_file.js
2023-08-06 00:59:38,746 INFO 58084 [egg-schedule]: register schedule F:\test\egg\space-eaas\node_modules\egg-multipart\app\schedule\clean_tmpdir.js
2023-08-06 00:59:38,746 INFO 58084 [egg-schedule]: register schedule F:\test\egg\space-eaas\node_modules\egg-logrotator\app\schedule\clean_log.js
2023-08-06 00:59:38,746 INFO 58084 [egg-schedule]: register schedule F:\test\egg\space-eaas\node_modules\egg-logrotator\app\schedule\rotate_by_file.js
2023-08-06 00:59:47,658 INFO 62428 [egg-schedule]: register schedule F:\test\egg\space-eaas\node_modules\egg-multipart\app\schedule\clean_tmpdir.js
2023-08-06 00:59:47,658 INFO 62428 [egg-schedule]: register schedule F:\test\egg\space-eaas\node_modules\egg-logrotator\app\schedule\clean_log.js
2023-08-06 00:59:47,658 INFO 62428 [egg-schedule]: register schedule F:\test\egg\space-eaas\node_modules\egg-logrotator\app\schedule\rotate_by_file.js
2023-08-06 01:00:53,427 INFO 70680 [egg-schedule]: register schedule F:\test\egg\space-eaas\node_modules\egg-multipart\app\schedule\clean_tmpdir.js
2023-08-06 01:00:53,427 INFO 70680 [egg-schedule]: register schedule F:\test\egg\space-eaas\node_modules\egg-logrotator\app\schedule\clean_log.js
2023-08-06 01:00:53,427 INFO 70680 [egg-schedule]: register schedule F:\test\egg\space-eaas\node_modules\egg-logrotator\app\schedule\rotate_by_file.js
2023-08-06 01:01:07,471 INFO 65620 [Timer] F:\test\egg\space-eaas\node_modules\egg-multipart\app\schedule\clean_tmpdir.js next time will execute after 12532531ms at 2023-08-06 04:30:00.002
2023-08-06 01:01:07,471 INFO 65620 [Timer] F:\test\egg\space-eaas\node_modules\egg-logrotator\app\schedule\clean_log.js next time will execute after 82732529ms at 2023-08-07 00:00:00.000
2023-08-06 01:01:07,471 INFO 65620 [Timer] F:\test\egg\space-eaas\node_modules\egg-logrotator\app\schedule\rotate_by_file.js next time will execute after 82733529ms at 2023-08-07 00:00:01.000
2023-08-06 01:01:07,363 INFO 70116 [egg-schedule]: register schedule F:\test\egg\space-eaas\node_modules\egg-multipart\app\schedule\clean_tmpdir.js
2023-08-06 01:01:07,363 INFO 70116 [egg-schedule]: register schedule F:\test\egg\space-eaas\node_modules\egg-logrotator\app\schedule\clean_log.js
2023-08-06 01:01:07,363 INFO 70116 [egg-schedule]: register schedule F:\test\egg\space-eaas\node_modules\egg-logrotator\app\schedule\rotate_by_file.js
2023-08-06 01:01:43,919 INFO 34388 [egg-schedule]: register schedule F:\test\egg\space-eaas\node_modules\egg-multipart\app\schedule\clean_tmpdir.js
2023-08-06 01:01:43,919 INFO 34388 [egg-schedule]: register schedule F:\test\egg\space-eaas\node_modules\egg-logrotator\app\schedule\clean_log.js
2023-08-06 01:01:43,919 INFO 34388 [egg-schedule]: register schedule F:\test\egg\space-eaas\node_modules\egg-logrotator\app\schedule\rotate_by_file.js
2023-08-06 01:07:36,250 INFO 62804 [egg-schedule]: register schedule F:\test\egg\space-eaas\node_modules\egg-multipart\app\schedule\clean_tmpdir.js
2023-08-06 01:07:36,250 INFO 62804 [egg-schedule]: register schedule F:\test\egg\space-eaas\node_modules\egg-logrotator\app\schedule\clean_log.js
2023-08-06 01:07:36,250 INFO 62804 [egg-schedule]: register schedule F:\test\egg\space-eaas\node_modules\egg-logrotator\app\schedule\rotate_by_file.js
2023-08-06 01:07:42,808 INFO 65452 [egg-schedule]: register schedule F:\test\egg\space-eaas\node_modules\egg-multipart\app\schedule\clean_tmpdir.js
2023-08-06 01:07:42,808 INFO 65452 [egg-schedule]: register schedule F:\test\egg\space-eaas\node_modules\egg-logrotator\app\schedule\clean_log.js
2023-08-06 01:07:42,808 INFO 65452 [egg-schedule]: register schedule F:\test\egg\space-eaas\node_modules\egg-logrotator\app\schedule\rotate_by_file.js
2023-08-06 01:08:00,849 INFO 72296 [egg-schedule]: register schedule F:\test\egg\space-eaas\node_modules\egg-multipart\app\schedule\clean_tmpdir.js
2023-08-06 01:08:00,849 INFO 72296 [egg-schedule]: register schedule F:\test\egg\space-eaas\node_modules\egg-logrotator\app\schedule\clean_log.js
2023-08-06 01:08:00,849 INFO 72296 [egg-schedule]: register schedule F:\test\egg\space-eaas\node_modules\egg-logrotator\app\schedule\rotate_by_file.js
2023-08-06 01:08:15,867 INFO 66832 [egg-schedule]: register schedule F:\test\egg\space-eaas\node_modules\egg-multipart\app\schedule\clean_tmpdir.js
2023-08-06 01:08:15,868 INFO 66832 [egg-schedule]: register schedule F:\test\egg\space-eaas\node_modules\egg-logrotator\app\schedule\clean_log.js
2023-08-06 01:08:15,868 INFO 66832 [egg-schedule]: register schedule F:\test\egg\space-eaas\node_modules\egg-logrotator\app\schedule\rotate_by_file.js
2023-08-06 01:09:49,078 INFO 31488 [egg-schedule]: register schedule F:\test\egg\space-eaas\node_modules\egg-multipart\app\schedule\clean_tmpdir.js
2023-08-06 01:09:49,078 INFO 31488 [egg-schedule]: register schedule F:\test\egg\space-eaas\node_modules\egg-logrotator\app\schedule\clean_log.js
2023-08-06 01:09:49,078 INFO 31488 [egg-schedule]: register schedule F:\test\egg\space-eaas\node_modules\egg-logrotator\app\schedule\rotate_by_file.js
2023-08-06 01:13:13,606 INFO 68552 [Timer] F:\test\egg\space-eaas\node_modules\egg-multipart\app\schedule\clean_tmpdir.js next time will execute after 11806408ms at 2023-08-06 04:30:00.014
2023-08-06 01:13:13,610 INFO 68552 [Timer] F:\test\egg\space-eaas\node_modules\egg-logrotator\app\schedule\clean_log.js next time will execute after 82006393ms at 2023-08-07 00:00:00.003
2023-08-06 01:13:13,613 INFO 68552 [Timer] F:\test\egg\space-eaas\node_modules\egg-logrotator\app\schedule\rotate_by_file.js next time will execute after 82007390ms at 2023-08-07 00:00:01.003
2023-08-06 01:13:13,429 INFO 36588 [egg-schedule]: register schedule F:\test\egg\space-eaas\node_modules\egg-multipart\app\schedule\clean_tmpdir.js
2023-08-06 01:13:13,429 INFO 36588 [egg-schedule]: register schedule F:\test\egg\space-eaas\node_modules\egg-logrotator\app\schedule\clean_log.js
2023-08-06 01:13:13,429 INFO 36588 [egg-schedule]: register schedule F:\test\egg\space-eaas\node_modules\egg-logrotator\app\schedule\rotate_by_file.js
2023-08-06 01:13:29,117 INFO 71476 [egg-schedule]: register schedule F:\test\egg\space-eaas\node_modules\egg-multipart\app\schedule\clean_tmpdir.js
2023-08-06 01:13:29,117 INFO 71476 [egg-schedule]: register schedule F:\test\egg\space-eaas\node_modules\egg-logrotator\app\schedule\clean_log.js
2023-08-06 01:13:29,117 INFO 71476 [egg-schedule]: register schedule F:\test\egg\space-eaas\node_modules\egg-logrotator\app\schedule\rotate_by_file.js
2023-08-06 01:13:49,835 INFO 66168 [egg-schedule]: register schedule F:\test\egg\space-eaas\node_modules\egg-multipart\app\schedule\clean_tmpdir.js
2023-08-06 01:13:49,835 INFO 66168 [egg-schedule]: register schedule F:\test\egg\space-eaas\node_modules\egg-logrotator\app\schedule\clean_log.js
2023-08-06 01:13:49,835 INFO 66168 [egg-schedule]: register schedule F:\test\egg\space-eaas\node_modules\egg-logrotator\app\schedule\rotate_by_file.js
2023-08-06 01:14:15,194 INFO 72136 [egg-schedule]: register schedule F:\test\egg\space-eaas\node_modules\egg-multipart\app\schedule\clean_tmpdir.js
2023-08-06 01:14:15,194 INFO 72136 [egg-schedule]: register schedule F:\test\egg\space-eaas\node_modules\egg-logrotator\app\schedule\clean_log.js
2023-08-06 01:14:15,194 INFO 72136 [egg-schedule]: register schedule F:\test\egg\space-eaas\node_modules\egg-logrotator\app\schedule\rotate_by_file.js
2023-08-06 01:14:23,356 INFO 71792 [egg-schedule]: register schedule F:\test\egg\space-eaas\node_modules\egg-multipart\app\schedule\clean_tmpdir.js
2023-08-06 01:14:23,356 INFO 71792 [egg-schedule]: register schedule F:\test\egg\space-eaas\node_modules\egg-logrotator\app\schedule\clean_log.js
2023-08-06 01:14:23,356 INFO 71792 [egg-schedule]: register schedule F:\test\egg\space-eaas\node_modules\egg-logrotator\app\schedule\rotate_by_file.js
2023-08-06 10:54:05,419 INFO 58308 [Timer] F:\test\egg\space-eaas\node_modules\egg-multipart\app\schedule\clean_tmpdir.js next time will execute after 63354584ms at 2023-08-07 04:30:00.003
2023-08-06 10:54:05,419 INFO 58308 [Timer] F:\test\egg\space-eaas\node_modules\egg-logrotator\app\schedule\clean_log.js next time will execute after 47154581ms at 2023-08-07 00:00:00.000
2023-08-06 10:54:05,420 INFO 58308 [Timer] F:\test\egg\space-eaas\node_modules\egg-logrotator\app\schedule\rotate_by_file.js next time will execute after 47155581ms at 2023-08-07 00:00:01.001
2023-08-06 10:54:05,203 INFO 61776 [egg-schedule]: register schedule F:\test\egg\space-eaas\node_modules\egg-multipart\app\schedule\clean_tmpdir.js
2023-08-06 10:54:05,203 INFO 61776 [egg-schedule]: register schedule F:\test\egg\space-eaas\node_modules\egg-logrotator\app\schedule\clean_log.js
2023-08-06 10:54:05,203 INFO 61776 [egg-schedule]: register schedule F:\test\egg\space-eaas\node_modules\egg-logrotator\app\schedule\rotate_by_file.js
2023-08-06 10:54:07,422 INFO 70816 [egg-schedule]: register schedule F:\test\egg\space-eaas\node_modules\egg-multipart\app\schedule\clean_tmpdir.js
2023-08-06 10:54:07,422 INFO 70816 [egg-schedule]: register schedule F:\test\egg\space-eaas\node_modules\egg-logrotator\app\schedule\clean_log.js
2023-08-06 10:54:07,422 INFO 70816 [egg-schedule]: register schedule F:\test\egg\space-eaas\node_modules\egg-logrotator\app\schedule\rotate_by_file.js
2023-08-06 11:03:40,286 INFO 54072 [egg-schedule]: register schedule F:\test\egg\space-eaas\node_modules\egg-multipart\app\schedule\clean_tmpdir.js
2023-08-06 11:03:40,286 INFO 54072 [egg-schedule]: register schedule F:\test\egg\space-eaas\node_modules\egg-logrotator\app\schedule\clean_log.js
2023-08-06 11:03:40,287 INFO 54072 [egg-schedule]: register schedule F:\test\egg\space-eaas\node_modules\egg-logrotator\app\schedule\rotate_by_file.js
2023-08-06 11:05:28,981 INFO 49424 [egg-schedule]: register schedule F:\test\egg\space-eaas\node_modules\egg-multipart\app\schedule\clean_tmpdir.js
2023-08-06 11:05:28,981 INFO 49424 [egg-schedule]: register schedule F:\test\egg\space-eaas\node_modules\egg-logrotator\app\schedule\clean_log.js
2023-08-06 11:05:28,981 INFO 49424 [egg-schedule]: register schedule F:\test\egg\space-eaas\node_modules\egg-logrotator\app\schedule\rotate_by_file.js
2023-08-06 11:18:06,810 INFO 44492 [Timer] F:\test\egg\space-eaas\node_modules\egg-multipart\app\schedule\clean_tmpdir.js next time will execute after 61913193ms at 2023-08-07 04:30:00.002
2023-08-06 11:18:06,810 INFO 44492 [Timer] F:\test\egg\space-eaas\node_modules\egg-logrotator\app\schedule\clean_log.js next time will execute after 45713190ms at 2023-08-07 00:00:00.000
2023-08-06 11:18:06,810 INFO 44492 [Timer] F:\test\egg\space-eaas\node_modules\egg-logrotator\app\schedule\rotate_by_file.js next time will execute after 45714190ms at 2023-08-07 00:00:01.000
2023-08-06 11:18:06,505 INFO 55224 [egg-schedule]: register schedule F:\test\egg\space-eaas\node_modules\egg-multipart\app\schedule\clean_tmpdir.js
2023-08-06 11:18:06,505 INFO 55224 [egg-schedule]: register schedule F:\test\egg\space-eaas\node_modules\egg-logrotator\app\schedule\clean_log.js
2023-08-06 11:18:06,505 INFO 55224 [egg-schedule]: register schedule F:\test\egg\space-eaas\node_modules\egg-logrotator\app\schedule\rotate_by_file.js
2023-08-06 11:18:57,066 INFO 63392 [egg-schedule]: register schedule F:\test\egg\space-eaas\node_modules\egg-multipart\app\schedule\clean_tmpdir.js
2023-08-06 11:18:57,066 INFO 63392 [egg-schedule]: register schedule F:\test\egg\space-eaas\node_modules\egg-logrotator\app\schedule\clean_log.js
2023-08-06 11:18:57,066 INFO 63392 [egg-schedule]: register schedule F:\test\egg\space-eaas\node_modules\egg-logrotator\app\schedule\rotate_by_file.js
2023-08-06 11:19:34,418 INFO 63768 [egg-schedule]: register schedule F:\test\egg\space-eaas\node_modules\egg-multipart\app\schedule\clean_tmpdir.js
2023-08-06 11:19:34,419 INFO 63768 [egg-schedule]: register schedule F:\test\egg\space-eaas\node_modules\egg-logrotator\app\schedule\clean_log.js
2023-08-06 11:19:34,419 INFO 63768 [egg-schedule]: register schedule F:\test\egg\space-eaas\node_modules\egg-logrotator\app\schedule\rotate_by_file.js
2023-08-06 11:46:04,440 INFO 56648 [egg-schedule]: register schedule F:\test\egg\space-eaas\node_modules\egg-multipart\app\schedule\clean_tmpdir.js
2023-08-06 11:46:04,440 INFO 56648 [egg-schedule]: register schedule F:\test\egg\space-eaas\node_modules\egg-logrotator\app\schedule\clean_log.js
2023-08-06 11:46:04,440 INFO 56648 [egg-schedule]: register schedule F:\test\egg\space-eaas\node_modules\egg-logrotator\app\schedule\rotate_by_file.js
2023-08-06 11:46:26,035 INFO 47584 [egg-schedule]: register schedule F:\test\egg\space-eaas\node_modules\egg-multipart\app\schedule\clean_tmpdir.js
2023-08-06 11:46:26,036 INFO 47584 [egg-schedule]: register schedule F:\test\egg\space-eaas\node_modules\egg-logrotator\app\schedule\clean_log.js
2023-08-06 11:46:26,036 INFO 47584 [egg-schedule]: register schedule F:\test\egg\space-eaas\node_modules\egg-logrotator\app\schedule\rotate_by_file.js
2023-08-06 11:49:51,313 INFO 58372 [egg-schedule]: register schedule F:\test\egg\space-eaas\node_modules\egg-multipart\app\schedule\clean_tmpdir.js
2023-08-06 11:49:51,313 INFO 58372 [egg-schedule]: register schedule F:\test\egg\space-eaas\node_modules\egg-logrotator\app\schedule\clean_log.js
2023-08-06 11:49:51,313 INFO 58372 [egg-schedule]: register schedule F:\test\egg\space-eaas\node_modules\egg-logrotator\app\schedule\rotate_by_file.js
2023-08-06 11:51:29,682 INFO 63900 [egg-schedule]: register schedule F:\test\egg\space-eaas\node_modules\egg-multipart\app\schedule\clean_tmpdir.js
2023-08-06 11:51:29,682 INFO 63900 [egg-schedule]: register schedule F:\test\egg\space-eaas\node_modules\egg-logrotator\app\schedule\clean_log.js
2023-08-06 11:51:29,682 INFO 63900 [egg-schedule]: register schedule F:\test\egg\space-eaas\node_modules\egg-logrotator\app\schedule\rotate_by_file.js
2023-08-06 11:51:40,407 INFO 47900 [egg-schedule]: register schedule F:\test\egg\space-eaas\node_modules\egg-multipart\app\schedule\clean_tmpdir.js
2023-08-06 11:51:40,407 INFO 47900 [egg-schedule]: register schedule F:\test\egg\space-eaas\node_modules\egg-logrotator\app\schedule\clean_log.js
2023-08-06 11:51:40,407 INFO 47900 [egg-schedule]: register schedule F:\test\egg\space-eaas\node_modules\egg-logrotator\app\schedule\rotate_by_file.js
2023-08-06 15:29:00,653 INFO 39256 [egg-schedule]: register schedule F:\test\egg\space-eaas\node_modules\egg-multipart\app\schedule\clean_tmpdir.js
2023-08-06 15:29:00,654 INFO 39256 [egg-schedule]: register schedule F:\test\egg\space-eaas\node_modules\egg-logrotator\app\schedule\clean_log.js
2023-08-06 15:29:00,654 INFO 39256 [egg-schedule]: register schedule F:\test\egg\space-eaas\node_modules\egg-logrotator\app\schedule\rotate_by_file.js
2023-08-06 15:29:01,905 INFO 14632 [egg-schedule]: register schedule F:\test\egg\space-eaas\node_modules\egg-multipart\app\schedule\clean_tmpdir.js
2023-08-06 15:29:01,905 INFO 14632 [egg-schedule]: register schedule F:\test\egg\space-eaas\node_modules\egg-logrotator\app\schedule\clean_log.js
2023-08-06 15:29:01,905 INFO 14632 [egg-schedule]: register schedule F:\test\egg\space-eaas\node_modules\egg-logrotator\app\schedule\rotate_by_file.js
2023-08-06 15:29:09,413 INFO 64144 [egg-schedule]: register schedule F:\test\egg\space-eaas\node_modules\egg-multipart\app\schedule\clean_tmpdir.js
2023-08-06 15:29:09,413 INFO 64144 [egg-schedule]: register schedule F:\test\egg\space-eaas\node_modules\egg-logrotator\app\schedule\clean_log.js
2023-08-06 15:29:09,413 INFO 64144 [egg-schedule]: register schedule F:\test\egg\space-eaas\node_modules\egg-logrotator\app\schedule\rotate_by_file.js
2023-08-06 15:30:42,117 INFO 39268 [egg-schedule]: register schedule F:\test\egg\space-eaas\node_modules\egg-multipart\app\schedule\clean_tmpdir.js
2023-08-06 15:30:42,117 INFO 39268 [egg-schedule]: register schedule F:\test\egg\space-eaas\node_modules\egg-logrotator\app\schedule\clean_log.js
2023-08-06 15:30:42,117 INFO 39268 [egg-schedule]: register schedule F:\test\egg\space-eaas\node_modules\egg-logrotator\app\schedule\rotate_by_file.js
2023-08-06 15:32:47,392 INFO 72360 [egg-schedule]: register schedule F:\test\egg\space-eaas\node_modules\egg-multipart\app\schedule\clean_tmpdir.js
2023-08-06 15:32:47,392 INFO 72360 [egg-schedule]: register schedule F:\test\egg\space-eaas\node_modules\egg-logrotator\app\schedule\clean_log.js
2023-08-06 15:32:47,392 INFO 72360 [egg-schedule]: register schedule F:\test\egg\space-eaas\node_modules\egg-logrotator\app\schedule\rotate_by_file.js
2023-08-06 16:33:53,326 INFO 42892 [egg-schedule]: register schedule F:\test\egg\space-eaas\node_modules\egg-multipart\app\schedule\clean_tmpdir.js
2023-08-06 16:33:53,326 INFO 42892 [egg-schedule]: register schedule F:\test\egg\space-eaas\node_modules\egg-logrotator\app\schedule\clean_log.js
2023-08-06 16:33:53,326 INFO 42892 [egg-schedule]: register schedule F:\test\egg\space-eaas\node_modules\egg-logrotator\app\schedule\rotate_by_file.js
2023-08-06 16:33:53,507 INFO 61652 [Timer] F:\test\egg\space-eaas\node_modules\egg-multipart\app\schedule\clean_tmpdir.js next time will execute after 42966495ms at 2023-08-07 04:30:00.002
2023-08-06 16:33:53,507 INFO 61652 [Timer] F:\test\egg\space-eaas\node_modules\egg-logrotator\app\schedule\clean_log.js next time will execute after 26766493ms at 2023-08-07 00:00:00.000
2023-08-06 16:33:53,507 INFO 61652 [Timer] F:\test\egg\space-eaas\node_modules\egg-logrotator\app\schedule\rotate_by_file.js next time will execute after 26767493ms at 2023-08-07 00:00:01.000
2023-08-06 16:34:15,873 INFO 42828 [egg-schedule]: register schedule F:\test\egg\space-eaas\node_modules\egg-multipart\app\schedule\clean_tmpdir.js
2023-08-06 16:34:15,874 INFO 42828 [egg-schedule]: register schedule F:\test\egg\space-eaas\node_modules\egg-logrotator\app\schedule\clean_log.js
2023-08-06 16:34:15,874 INFO 42828 [egg-schedule]: register schedule F:\test\egg\space-eaas\node_modules\egg-logrotator\app\schedule\rotate_by_file.js
2023-08-06 16:34:51,955 INFO 66296 [egg-schedule]: register schedule F:\test\egg\space-eaas\node_modules\egg-multipart\app\schedule\clean_tmpdir.js
2023-08-06 16:34:51,956 INFO 66296 [egg-schedule]: register schedule F:\test\egg\space-eaas\node_modules\egg-logrotator\app\schedule\clean_log.js
2023-08-06 16:34:51,956 INFO 66296 [egg-schedule]: register schedule F:\test\egg\space-eaas\node_modules\egg-logrotator\app\schedule\rotate_by_file.js
2023-08-06 16:35:11,056 INFO 72940 [egg-schedule]: register schedule F:\test\egg\space-eaas\node_modules\egg-multipart\app\schedule\clean_tmpdir.js
2023-08-06 16:35:11,056 INFO 72940 [egg-schedule]: register schedule F:\test\egg\space-eaas\node_modules\egg-logrotator\app\schedule\clean_log.js
2023-08-06 16:35:11,056 INFO 72940 [egg-schedule]: register schedule F:\test\egg\space-eaas\node_modules\egg-logrotator\app\schedule\rotate_by_file.js
2023-08-06 16:35:20,008 INFO 48956 [egg-schedule]: register schedule F:\test\egg\space-eaas\node_modules\egg-multipart\app\schedule\clean_tmpdir.js
2023-08-06 16:35:20,008 INFO 48956 [egg-schedule]: register schedule F:\test\egg\space-eaas\node_modules\egg-logrotator\app\schedule\clean_log.js
2023-08-06 16:35:20,008 INFO 48956 [egg-schedule]: register schedule F:\test\egg\space-eaas\node_modules\egg-logrotator\app\schedule\rotate_by_file.js
2023-08-06 16:37:09,524 INFO 71460 [egg-schedule]: register schedule F:\test\egg\space-eaas\node_modules\egg-multipart\app\schedule\clean_tmpdir.js
2023-08-06 16:37:09,524 INFO 71460 [egg-schedule]: register schedule F:\test\egg\space-eaas\node_modules\egg-logrotator\app\schedule\clean_log.js
2023-08-06 16:37:09,524 INFO 71460 [egg-schedule]: register schedule F:\test\egg\space-eaas\node_modules\egg-logrotator\app\schedule\rotate_by_file.js
2023-08-06 16:38:18,963 INFO 68052 [egg-schedule]: register schedule F:\test\egg\space-eaas\node_modules\egg-multipart\app\schedule\clean_tmpdir.js
2023-08-06 16:38:18,963 INFO 68052 [egg-schedule]: register schedule F:\test\egg\space-eaas\node_modules\egg-logrotator\app\schedule\clean_log.js
2023-08-06 16:38:18,963 INFO 68052 [egg-schedule]: register schedule F:\test\egg\space-eaas\node_modules\egg-logrotator\app\schedule\rotate_by_file.js
2023-08-06 16:38:35,248 INFO 66596 [egg-schedule]: register schedule F:\test\egg\space-eaas\node_modules\egg-multipart\app\schedule\clean_tmpdir.js
2023-08-06 16:38:35,248 INFO 66596 [egg-schedule]: register schedule F:\test\egg\space-eaas\node_modules\egg-logrotator\app\schedule\clean_log.js
2023-08-06 16:38:35,248 INFO 66596 [egg-schedule]: register schedule F:\test\egg\space-eaas\node_modules\egg-logrotator\app\schedule\rotate_by_file.js
2023-08-06 16:39:23,030 INFO 7512 [egg-schedule]: register schedule F:\test\egg\space-eaas\node_modules\egg-multipart\app\schedule\clean_tmpdir.js
2023-08-06 16:39:23,031 INFO 7512 [egg-schedule]: register schedule F:\test\egg\space-eaas\node_modules\egg-logrotator\app\schedule\clean_log.js
2023-08-06 16:39:23,031 INFO 7512 [egg-schedule]: register schedule F:\test\egg\space-eaas\node_modules\egg-logrotator\app\schedule\rotate_by_file.js
2023-08-06 16:39:32,367 INFO 41012 [egg-schedule]: register schedule F:\test\egg\space-eaas\node_modules\egg-multipart\app\schedule\clean_tmpdir.js
2023-08-06 16:39:32,367 INFO 41012 [egg-schedule]: register schedule F:\test\egg\space-eaas\node_modules\egg-logrotator\app\schedule\clean_log.js
2023-08-06 16:39:32,367 INFO 41012 [egg-schedule]: register schedule F:\test\egg\space-eaas\node_modules\egg-logrotator\app\schedule\rotate_by_file.js
2023-08-06 16:39:36,133 INFO 38008 [egg-schedule]: register schedule F:\test\egg\space-eaas\node_modules\egg-multipart\app\schedule\clean_tmpdir.js
2023-08-06 16:39:36,133 INFO 38008 [egg-schedule]: register schedule F:\test\egg\space-eaas\node_modules\egg-logrotator\app\schedule\clean_log.js
2023-08-06 16:39:36,133 INFO 38008 [egg-schedule]: register schedule F:\test\egg\space-eaas\node_modules\egg-logrotator\app\schedule\rotate_by_file.js
2023-08-06 16:40:06,986 INFO 63116 [egg-schedule]: register schedule F:\test\egg\space-eaas\node_modules\egg-multipart\app\schedule\clean_tmpdir.js
2023-08-06 16:40:06,986 INFO 63116 [egg-schedule]: register schedule F:\test\egg\space-eaas\node_modules\egg-logrotator\app\schedule\clean_log.js
2023-08-06 16:40:06,986 INFO 63116 [egg-schedule]: register schedule F:\test\egg\space-eaas\node_modules\egg-logrotator\app\schedule\rotate_by_file.js
2023-08-06 16:40:31,255 INFO 46052 [egg-schedule]: register schedule F:\test\egg\space-eaas\node_modules\egg-multipart\app\schedule\clean_tmpdir.js
2023-08-06 16:40:31,255 INFO 46052 [egg-schedule]: register schedule F:\test\egg\space-eaas\node_modules\egg-logrotator\app\schedule\clean_log.js
2023-08-06 16:40:31,255 INFO 46052 [egg-schedule]: register schedule F:\test\egg\space-eaas\node_modules\egg-logrotator\app\schedule\rotate_by_file.js
2023-08-06 16:41:17,739 INFO 60756 [egg-schedule]: register schedule F:\test\egg\space-eaas\node_modules\egg-multipart\app\schedule\clean_tmpdir.js
2023-08-06 16:41:17,739 INFO 60756 [egg-schedule]: register schedule F:\test\egg\space-eaas\node_modules\egg-logrotator\app\schedule\clean_log.js
2023-08-06 16:41:17,739 INFO 60756 [egg-schedule]: register schedule F:\test\egg\space-eaas\node_modules\egg-logrotator\app\schedule\rotate_by_file.js
2023-08-06 16:41:45,884 INFO 73540 [egg-schedule]: register schedule F:\test\egg\space-eaas\node_modules\egg-multipart\app\schedule\clean_tmpdir.js
2023-08-06 16:41:45,884 INFO 73540 [egg-schedule]: register schedule F:\test\egg\space-eaas\node_modules\egg-logrotator\app\schedule\clean_log.js
2023-08-06 16:41:45,884 INFO 73540 [egg-schedule]: register schedule F:\test\egg\space-eaas\node_modules\egg-logrotator\app\schedule\rotate_by_file.js
2023-08-06 16:41:47,556 INFO 70964 [egg-schedule]: register schedule F:\test\egg\space-eaas\node_modules\egg-multipart\app\schedule\clean_tmpdir.js
2023-08-06 16:41:47,556 INFO 70964 [egg-schedule]: register schedule F:\test\egg\space-eaas\node_modules\egg-logrotator\app\schedule\clean_log.js
2023-08-06 16:41:47,556 INFO 70964 [egg-schedule]: register schedule F:\test\egg\space-eaas\node_modules\egg-logrotator\app\schedule\rotate_by_file.js
2024-01-07 18:15:56,239 INFO 1726 [egg-schedule]: register schedule /Users/xuhailong/Desktop/item-web/space-eaas/node_modules/egg-multipart/app/schedule/clean_tmpdir.js
2024-01-07 18:15:56,240 INFO 1726 [egg-schedule]: register schedule /Users/xuhailong/Desktop/item-web/space-eaas/node_modules/egg-logrotator/app/schedule/clean_log.js
2024-01-07 18:15:56,240 INFO 1726 [egg-schedule]: register schedule /Users/xuhailong/Desktop/item-web/space-eaas/node_modules/egg-logrotator/app/schedule/rotate_by_file.js
2024-01-07 18:17:15,259 INFO 1894 [egg-schedule]: register schedule /Users/xuhailong/Desktop/item-web/space-eaas/node_modules/egg-multipart/app/schedule/clean_tmpdir.js
2024-01-07 18:17:15,259 INFO 1894 [egg-schedule]: register schedule /Users/xuhailong/Desktop/item-web/space-eaas/node_modules/egg-logrotator/app/schedule/clean_log.js
2024-01-07 18:17:15,259 INFO 1894 [egg-schedule]: register schedule /Users/xuhailong/Desktop/item-web/space-eaas/node_modules/egg-logrotator/app/schedule/rotate_by_file.js
2024-01-07 18:19:03,000 INFO 2051 [egg-schedule]: register schedule /Users/xuhailong/Desktop/item-web/space-eaas/node_modules/egg-multipart/app/schedule/clean_tmpdir.js
2024-01-07 18:19:03,000 INFO 2051 [egg-schedule]: register schedule /Users/xuhailong/Desktop/item-web/space-eaas/node_modules/egg-logrotator/app/schedule/clean_log.js
2024-01-07 18:19:03,000 INFO 2051 [egg-schedule]: register schedule /Users/xuhailong/Desktop/item-web/space-eaas/node_modules/egg-logrotator/app/schedule/rotate_by_file.js
2024-01-07 18:20:51,992 INFO 2212 [Timer] /Users/xuhailong/Desktop/item-web/space-eaas/node_modules/egg-multipart/app/schedule/clean_tmpdir.js next time will execute after 36548011ms at 2024-01-08 04:30:00.003
2024-01-07 18:20:51,992 INFO 2212 [Timer] /Users/xuhailong/Desktop/item-web/space-eaas/node_modules/egg-logrotator/app/schedule/clean_log.js next time will execute after 20348008ms at 2024-01-08 00:00:00.000
2024-01-07 18:20:51,992 INFO 2212 [Timer] /Users/xuhailong/Desktop/item-web/space-eaas/node_modules/egg-logrotator/app/schedule/rotate_by_file.js next time will execute after 20349008ms at 2024-01-08 00:00:01.000
2024-01-07 18:20:51,647 INFO 2214 [egg-schedule]: register schedule /Users/xuhailong/Desktop/item-web/space-eaas/node_modules/egg-multipart/app/schedule/clean_tmpdir.js
2024-01-07 18:20:51,647 INFO 2214 [egg-schedule]: register schedule /Users/xuhailong/Desktop/item-web/space-eaas/node_modules/egg-logrotator/app/schedule/clean_log.js
2024-01-07 18:20:51,647 INFO 2214 [egg-schedule]: register schedule /Users/xuhailong/Desktop/item-web/space-eaas/node_modules/egg-logrotator/app/schedule/rotate_by_file.js
2024-01-07 18:21:54,519 INFO 2280 [egg-schedule]: register schedule /Users/xuhailong/Desktop/item-web/space-eaas/node_modules/egg-multipart/app/schedule/clean_tmpdir.js
2024-01-07 18:21:54,519 INFO 2280 [egg-schedule]: register schedule /Users/xuhailong/Desktop/item-web/space-eaas/node_modules/egg-logrotator/app/schedule/clean_log.js
2024-01-07 18:21:54,519 INFO 2280 [egg-schedule]: register schedule /Users/xuhailong/Desktop/item-web/space-eaas/node_modules/egg-logrotator/app/schedule/rotate_by_file.js
2024-01-07 18:21:55,967 INFO 2289 [egg-schedule]: register schedule /Users/xuhailong/Desktop/item-web/space-eaas/node_modules/egg-multipart/app/schedule/clean_tmpdir.js
2024-01-07 18:21:55,967 INFO 2289 [egg-schedule]: register schedule /Users/xuhailong/Desktop/item-web/space-eaas/node_modules/egg-logrotator/app/schedule/clean_log.js
2024-01-07 18:21:55,967 INFO 2289 [egg-schedule]: register schedule /Users/xuhailong/Desktop/item-web/space-eaas/node_modules/egg-logrotator/app/schedule/rotate_by_file.js
2024-01-07 18:22:08,351 INFO 2309 [egg-schedule]: register schedule /Users/xuhailong/Desktop/item-web/space-eaas/node_modules/egg-multipart/app/schedule/clean_tmpdir.js
2024-01-07 18:22:08,351 INFO 2309 [egg-schedule]: register schedule /Users/xuhailong/Desktop/item-web/space-eaas/node_modules/egg-logrotator/app/schedule/clean_log.js
2024-01-07 18:22:08,351 INFO 2309 [egg-schedule]: register schedule /Users/xuhailong/Desktop/item-web/space-eaas/node_modules/egg-logrotator/app/schedule/rotate_by_file.js
2024-01-07 18:22:10,616 INFO 2314 [egg-schedule]: register schedule /Users/xuhailong/Desktop/item-web/space-eaas/node_modules/egg-multipart/app/schedule/clean_tmpdir.js
2024-01-07 18:22:10,616 INFO 2314 [egg-schedule]: register schedule /Users/xuhailong/Desktop/item-web/space-eaas/node_modules/egg-logrotator/app/schedule/clean_log.js
2024-01-07 18:22:10,616 INFO 2314 [egg-schedule]: register schedule /Users/xuhailong/Desktop/item-web/space-eaas/node_modules/egg-logrotator/app/schedule/rotate_by_file.js
