2024-01-07 18:17:15,387 ERROR 1894 [-/127.0.0.1/-/1ms GET /] nodejs.ECONNREFUSEDError: connect ECONNREFUSED 127.0.0.1:3306
    at TCPConnectWrap.afterConnect [as oncomplete] (node:net:1595:16)
    --------------------
    at Protocol._enqueue (/Users/xuhailong/Desktop/item-web/space-eaas/node_modules/mysql/lib/protocol/Protocol.js:144:48)
    at Protocol.handshake (/Users/xuhailong/Desktop/item-web/space-eaas/node_modules/mysql/lib/protocol/Protocol.js:51:23)
    at PoolConnection.connect (/Users/xuhailong/Desktop/item-web/space-eaas/node_modules/mysql/lib/Connection.js:116:18)
    at Pool.getConnection (/Users/xuhailong/Desktop/item-web/space-eaas/node_modules/mysql/lib/Pool.js:48:16)
    at node:internal/util:442:7
    at new Promise (<anonymous>)
    at Pool.getConnection (node:internal/util:428:12)
    at Pool.query (/Users/xuhailong/Desktop/item-web/space-eaas/node_modules/mysql/lib/Pool.js:202:8)
    at node:internal/util:442:7
    at new Promise (<anonymous>)
    sql: select now() as currentTime;
errno: -61
code: "ECONNREFUSED"
syscall: "connect"
address: "127.0.0.1"
port: 3306
fatal: true
name: "ECONNREFUSEDError"
pid: 1894
hostname: xuhailongdeMacBook-Pro.local

2024-01-07 18:19:13,099 ERROR 2051 [-/127.0.0.1/-/1ms GET /] nodejs.PROTOCOL_SEQUENCE_TIMEOUTError: Handshake inactivity timeout
    at Handshake.<anonymous> (/Users/xuhailong/Desktop/item-web/space-eaas/node_modules/mysql/lib/protocol/Protocol.js:160:17)
    at Handshake.emit (node:events:514:28)
    at Handshake._onTimeout (/Users/xuhailong/Desktop/item-web/space-eaas/node_modules/mysql/lib/protocol/sequences/Sequence.js:124:8)
    at Timer._onTimeout (/Users/xuhailong/Desktop/item-web/space-eaas/node_modules/mysql/lib/protocol/Timer.js:32:23)
    at listOnTimeout (node:internal/timers:573:17)
    at process.processTimers (node:internal/timers:514:7)
    --------------------
    at Protocol._enqueue (/Users/xuhailong/Desktop/item-web/space-eaas/node_modules/mysql/lib/protocol/Protocol.js:144:48)
    at Protocol.handshake (/Users/xuhailong/Desktop/item-web/space-eaas/node_modules/mysql/lib/protocol/Protocol.js:51:23)
    at PoolConnection.connect (/Users/xuhailong/Desktop/item-web/space-eaas/node_modules/mysql/lib/Connection.js:116:18)
    at Pool.getConnection (/Users/xuhailong/Desktop/item-web/space-eaas/node_modules/mysql/lib/Pool.js:48:16)
    at node:internal/util:442:7
    at new Promise (<anonymous>)
    at Pool.getConnection (node:internal/util:428:12)
    at Pool.query (/Users/xuhailong/Desktop/item-web/space-eaas/node_modules/mysql/lib/Pool.js:202:8)
    at node:internal/util:442:7
    at new Promise (<anonymous>)
    sql: select now() as currentTime;
code: "PROTOCOL_SEQUENCE_TIMEOUT"
fatal: true
timeout: 10000
name: "PROTOCOL_SEQUENCE_TIMEOUTError"
pid: 2051
hostname: xuhailongdeMacBook-Pro.local

2024-01-07 18:41:17,404 WARN 3298 [-/127.0.0.1/-/1ms POST /register] invalid csrf token. See https://eggjs.org/zh-cn/core/security.html#安全威胁csrf的防范
2024-01-07 18:41:17,405 WARN 3298 [-/127.0.0.1/-/3ms POST /register] nodejs.ForbiddenError: invalid csrf token
    at Object.throw (/Users/xuhailong/Desktop/item-web/space-eaas/node_modules/koa/lib/context.js:97:11)
    at Object.assertCsrf (/Users/xuhailong/Desktop/item-web/space-eaas/node_modules/egg-security/app/extend/context.js:162:32)
    at csrf (/Users/xuhailong/Desktop/item-web/space-eaas/node_modules/egg-security/lib/middlewares/csrf.js:37:9)
    at dispatch (/Users/xuhailong/Desktop/item-web/space-eaas/node_modules/egg-security/node_modules/koa-compose/index.js:42:32)
    at /Users/xuhailong/Desktop/item-web/space-eaas/node_modules/egg-security/node_modules/koa-compose/index.js:34:12
    at dispatch (/Users/xuhailong/Desktop/item-web/space-eaas/node_modules/koa/node_modules/koa-compose/index.js:42:32)
    at session (/Users/xuhailong/Desktop/item-web/space-eaas/node_modules/koa-session/index.js:41:13)
    at dispatch (/Users/xuhailong/Desktop/item-web/space-eaas/node_modules/koa/node_modules/koa-compose/index.js:42:32)
    at overrideMethod (/Users/xuhailong/Desktop/item-web/space-eaas/node_modules/koa-override/index.js:38:12)
    at dispatch (/Users/xuhailong/Desktop/item-web/space-eaas/node_modules/koa/node_modules/koa-compose/index.js:42:32)
message: "invalid csrf token"
pid: 3298
hostname: xuhailongdeMacBook-Pro.local

2024-01-07 18:41:40,082 WARN 3298 [-/127.0.0.1/-/0ms POST /register] invalid csrf token. See https://eggjs.org/zh-cn/core/security.html#安全威胁csrf的防范
2024-01-07 18:41:40,082 WARN 3298 [-/127.0.0.1/-/0ms POST /register] nodejs.ForbiddenError: invalid csrf token
    at Object.throw (/Users/xuhailong/Desktop/item-web/space-eaas/node_modules/koa/lib/context.js:97:11)
    at Object.assertCsrf (/Users/xuhailong/Desktop/item-web/space-eaas/node_modules/egg-security/app/extend/context.js:162:32)
    at csrf (/Users/xuhailong/Desktop/item-web/space-eaas/node_modules/egg-security/lib/middlewares/csrf.js:37:9)
    at dispatch (/Users/xuhailong/Desktop/item-web/space-eaas/node_modules/egg-security/node_modules/koa-compose/index.js:42:32)
    at /Users/xuhailong/Desktop/item-web/space-eaas/node_modules/egg-security/node_modules/koa-compose/index.js:34:12
    at dispatch (/Users/xuhailong/Desktop/item-web/space-eaas/node_modules/koa/node_modules/koa-compose/index.js:42:32)
    at session (/Users/xuhailong/Desktop/item-web/space-eaas/node_modules/koa-session/index.js:41:13)
    at dispatch (/Users/xuhailong/Desktop/item-web/space-eaas/node_modules/koa/node_modules/koa-compose/index.js:42:32)
    at overrideMethod (/Users/xuhailong/Desktop/item-web/space-eaas/node_modules/koa-override/index.js:38:12)
    at dispatch (/Users/xuhailong/Desktop/item-web/space-eaas/node_modules/koa/node_modules/koa-compose/index.js:42:32)
message: "invalid csrf token"
pid: 3298
hostname: xuhailongdeMacBook-Pro.local

2024-01-07 18:42:08,295 WARN 3385 [-/127.0.0.1/-/5ms POST /register] invalid csrf token. See https://eggjs.org/zh-cn/core/security.html#安全威胁csrf的防范
2024-01-07 18:42:08,297 WARN 3385 [-/127.0.0.1/-/7ms POST /register] nodejs.ForbiddenError: invalid csrf token
    at Object.throw (/Users/xuhailong/Desktop/item-web/space-eaas/node_modules/koa/lib/context.js:97:11)
    at Object.assertCsrf (/Users/xuhailong/Desktop/item-web/space-eaas/node_modules/egg-security/app/extend/context.js:162:32)
    at csrf (/Users/xuhailong/Desktop/item-web/space-eaas/node_modules/egg-security/lib/middlewares/csrf.js:37:9)
    at dispatch (/Users/xuhailong/Desktop/item-web/space-eaas/node_modules/egg-security/node_modules/koa-compose/index.js:42:32)
    at /Users/xuhailong/Desktop/item-web/space-eaas/node_modules/egg-security/node_modules/koa-compose/index.js:34:12
    at dispatch (/Users/xuhailong/Desktop/item-web/space-eaas/node_modules/koa/node_modules/koa-compose/index.js:42:32)
    at session (/Users/xuhailong/Desktop/item-web/space-eaas/node_modules/koa-session/index.js:41:13)
    at dispatch (/Users/xuhailong/Desktop/item-web/space-eaas/node_modules/koa/node_modules/koa-compose/index.js:42:32)
    at overrideMethod (/Users/xuhailong/Desktop/item-web/space-eaas/node_modules/koa-override/index.js:38:12)
    at dispatch (/Users/xuhailong/Desktop/item-web/space-eaas/node_modules/koa/node_modules/koa-compose/index.js:42:32)
message: "invalid csrf token"
pid: 3385
hostname: xuhailongdeMacBook-Pro.local

2024-01-07 18:51:54,293 WARN 3787 [-/127.0.0.1/-/6ms POST /register] invalid csrf token. See https://eggjs.org/zh-cn/core/security.html#安全威胁csrf的防范
2024-01-07 18:51:54,295 WARN 3787 [-/127.0.0.1/-/8ms POST /register] nodejs.ForbiddenError: invalid csrf token
    at Object.throw (/Users/xuhailong/Desktop/item-web/space-eaas/node_modules/koa/lib/context.js:97:11)
    at Object.assertCsrf (/Users/xuhailong/Desktop/item-web/space-eaas/node_modules/egg-security/app/extend/context.js:162:32)
    at csrf (/Users/xuhailong/Desktop/item-web/space-eaas/node_modules/egg-security/lib/middlewares/csrf.js:37:9)
    at dispatch (/Users/xuhailong/Desktop/item-web/space-eaas/node_modules/egg-security/node_modules/koa-compose/index.js:42:32)
    at /Users/xuhailong/Desktop/item-web/space-eaas/node_modules/egg-security/node_modules/koa-compose/index.js:34:12
    at dispatch (/Users/xuhailong/Desktop/item-web/space-eaas/node_modules/koa/node_modules/koa-compose/index.js:42:32)
    at session (/Users/xuhailong/Desktop/item-web/space-eaas/node_modules/koa-session/index.js:41:13)
    at dispatch (/Users/xuhailong/Desktop/item-web/space-eaas/node_modules/koa/node_modules/koa-compose/index.js:42:32)
    at overrideMethod (/Users/xuhailong/Desktop/item-web/space-eaas/node_modules/koa-override/index.js:38:12)
    at dispatch (/Users/xuhailong/Desktop/item-web/space-eaas/node_modules/koa/node_modules/koa-compose/index.js:42:32)
message: "invalid csrf token"
headers: {"Access-Control-Allow-Origin":"*","vary":"Origin"}
pid: 3787
hostname: xuhailongdeMacBook-Pro.local

2024-01-07 18:52:58,314 WARN 3787 [-/127.0.0.1/-/1ms POST /register] invalid csrf token. See https://eggjs.org/zh-cn/core/security.html#安全威胁csrf的防范
2024-01-07 18:52:58,314 WARN 3787 [-/127.0.0.1/-/1ms POST /register] nodejs.ForbiddenError: invalid csrf token
    at Object.throw (/Users/xuhailong/Desktop/item-web/space-eaas/node_modules/koa/lib/context.js:97:11)
    at Object.assertCsrf (/Users/xuhailong/Desktop/item-web/space-eaas/node_modules/egg-security/app/extend/context.js:162:32)
    at csrf (/Users/xuhailong/Desktop/item-web/space-eaas/node_modules/egg-security/lib/middlewares/csrf.js:37:9)
    at dispatch (/Users/xuhailong/Desktop/item-web/space-eaas/node_modules/egg-security/node_modules/koa-compose/index.js:42:32)
    at /Users/xuhailong/Desktop/item-web/space-eaas/node_modules/egg-security/node_modules/koa-compose/index.js:34:12
    at dispatch (/Users/xuhailong/Desktop/item-web/space-eaas/node_modules/koa/node_modules/koa-compose/index.js:42:32)
    at session (/Users/xuhailong/Desktop/item-web/space-eaas/node_modules/koa-session/index.js:41:13)
    at dispatch (/Users/xuhailong/Desktop/item-web/space-eaas/node_modules/koa/node_modules/koa-compose/index.js:42:32)
    at overrideMethod (/Users/xuhailong/Desktop/item-web/space-eaas/node_modules/koa-override/index.js:38:12)
    at dispatch (/Users/xuhailong/Desktop/item-web/space-eaas/node_modules/koa/node_modules/koa-compose/index.js:42:32)
message: "invalid csrf token"
headers: {"Access-Control-Allow-Origin":"*","vary":"Origin"}
pid: 3787
hostname: xuhailongdeMacBook-Pro.local

2024-01-07 18:53:10,891 WARN 3787 [-/127.0.0.1/-/1ms POST /register] invalid csrf token. See https://eggjs.org/zh-cn/core/security.html#安全威胁csrf的防范
2024-01-07 18:53:10,891 WARN 3787 [-/127.0.0.1/-/1ms POST /register] nodejs.ForbiddenError: invalid csrf token
    at Object.throw (/Users/xuhailong/Desktop/item-web/space-eaas/node_modules/koa/lib/context.js:97:11)
    at Object.assertCsrf (/Users/xuhailong/Desktop/item-web/space-eaas/node_modules/egg-security/app/extend/context.js:162:32)
    at csrf (/Users/xuhailong/Desktop/item-web/space-eaas/node_modules/egg-security/lib/middlewares/csrf.js:37:9)
    at dispatch (/Users/xuhailong/Desktop/item-web/space-eaas/node_modules/egg-security/node_modules/koa-compose/index.js:42:32)
    at /Users/xuhailong/Desktop/item-web/space-eaas/node_modules/egg-security/node_modules/koa-compose/index.js:34:12
    at dispatch (/Users/xuhailong/Desktop/item-web/space-eaas/node_modules/koa/node_modules/koa-compose/index.js:42:32)
    at session (/Users/xuhailong/Desktop/item-web/space-eaas/node_modules/koa-session/index.js:41:13)
    at dispatch (/Users/xuhailong/Desktop/item-web/space-eaas/node_modules/koa/node_modules/koa-compose/index.js:42:32)
    at overrideMethod (/Users/xuhailong/Desktop/item-web/space-eaas/node_modules/koa-override/index.js:38:12)
    at dispatch (/Users/xuhailong/Desktop/item-web/space-eaas/node_modules/koa/node_modules/koa-compose/index.js:42:32)
message: "invalid csrf token"
headers: {"Access-Control-Allow-Origin":"*","vary":"Origin"}
pid: 3787
hostname: xuhailongdeMacBook-Pro.local

2024-01-07 18:54:16,815 WARN 3849 [-/127.0.0.1/-/6ms POST /register] invalid csrf token. See https://eggjs.org/zh-cn/core/security.html#安全威胁csrf的防范
2024-01-07 18:54:16,817 WARN 3849 [-/127.0.0.1/-/7ms POST /register] nodejs.ForbiddenError: invalid csrf token
    at Object.throw (/Users/xuhailong/Desktop/item-web/space-eaas/node_modules/koa/lib/context.js:97:11)
    at Object.assertCsrf (/Users/xuhailong/Desktop/item-web/space-eaas/node_modules/egg-security/app/extend/context.js:162:32)
    at csrf (/Users/xuhailong/Desktop/item-web/space-eaas/node_modules/egg-security/lib/middlewares/csrf.js:37:9)
    at dispatch (/Users/xuhailong/Desktop/item-web/space-eaas/node_modules/egg-security/node_modules/koa-compose/index.js:42:32)
    at /Users/xuhailong/Desktop/item-web/space-eaas/node_modules/egg-security/node_modules/koa-compose/index.js:34:12
    at dispatch (/Users/xuhailong/Desktop/item-web/space-eaas/node_modules/koa/node_modules/koa-compose/index.js:42:32)
    at session (/Users/xuhailong/Desktop/item-web/space-eaas/node_modules/koa-session/index.js:41:13)
    at dispatch (/Users/xuhailong/Desktop/item-web/space-eaas/node_modules/koa/node_modules/koa-compose/index.js:42:32)
    at overrideMethod (/Users/xuhailong/Desktop/item-web/space-eaas/node_modules/koa-override/index.js:38:12)
    at dispatch (/Users/xuhailong/Desktop/item-web/space-eaas/node_modules/koa/node_modules/koa-compose/index.js:42:32)
message: "invalid csrf token"
headers: {"Access-Control-Allow-Origin":"*","vary":"Origin"}
pid: 3849
hostname: xuhailongdeMacBook-Pro.local

2024-01-07 18:54:30,465 WARN 3849 [-/127.0.0.1/-/1ms POST /register] invalid csrf token. See https://eggjs.org/zh-cn/core/security.html#安全威胁csrf的防范
2024-01-07 18:54:30,465 WARN 3849 [-/127.0.0.1/-/1ms POST /register] nodejs.ForbiddenError: invalid csrf token
    at Object.throw (/Users/xuhailong/Desktop/item-web/space-eaas/node_modules/koa/lib/context.js:97:11)
    at Object.assertCsrf (/Users/xuhailong/Desktop/item-web/space-eaas/node_modules/egg-security/app/extend/context.js:162:32)
    at csrf (/Users/xuhailong/Desktop/item-web/space-eaas/node_modules/egg-security/lib/middlewares/csrf.js:37:9)
    at dispatch (/Users/xuhailong/Desktop/item-web/space-eaas/node_modules/egg-security/node_modules/koa-compose/index.js:42:32)
    at /Users/xuhailong/Desktop/item-web/space-eaas/node_modules/egg-security/node_modules/koa-compose/index.js:34:12
    at dispatch (/Users/xuhailong/Desktop/item-web/space-eaas/node_modules/koa/node_modules/koa-compose/index.js:42:32)
    at session (/Users/xuhailong/Desktop/item-web/space-eaas/node_modules/koa-session/index.js:41:13)
    at dispatch (/Users/xuhailong/Desktop/item-web/space-eaas/node_modules/koa/node_modules/koa-compose/index.js:42:32)
    at overrideMethod (/Users/xuhailong/Desktop/item-web/space-eaas/node_modules/koa-override/index.js:38:12)
    at dispatch (/Users/xuhailong/Desktop/item-web/space-eaas/node_modules/koa/node_modules/koa-compose/index.js:42:32)
message: "invalid csrf token"
headers: {"Access-Control-Allow-Origin":"*","vary":"Origin"}
pid: 3849
hostname: xuhailongdeMacBook-Pro.local

2024-01-07 19:06:45,869 ERROR 4207 [-/127.0.0.1/-/62ms POST /register?username=123123123] nodejs.ER_NO_SUCH_TABLEError: ER_NO_SUCH_TABLE: Table 'mysql.users' doesn't exist
    at Sequence._packetToError (/Users/xuhailong/Desktop/item-web/space-eaas/node_modules/mysql/lib/protocol/sequences/Sequence.js:47:14)
    at Query.ErrorPacket (/Users/xuhailong/Desktop/item-web/space-eaas/node_modules/mysql/lib/protocol/sequences/Query.js:79:18)
    at Protocol._parsePacket (/Users/xuhailong/Desktop/item-web/space-eaas/node_modules/mysql/lib/protocol/Protocol.js:291:23)
    at Parser._parsePacket (/Users/xuhailong/Desktop/item-web/space-eaas/node_modules/mysql/lib/protocol/Parser.js:433:10)
    at Parser.write (/Users/xuhailong/Desktop/item-web/space-eaas/node_modules/mysql/lib/protocol/Parser.js:43:10)
    at Protocol.write (/Users/xuhailong/Desktop/item-web/space-eaas/node_modules/mysql/lib/protocol/Protocol.js:38:16)
    at Socket.<anonymous> (/Users/xuhailong/Desktop/item-web/space-eaas/node_modules/mysql/lib/Connection.js:88:28)
    at Socket.<anonymous> (/Users/xuhailong/Desktop/item-web/space-eaas/node_modules/mysql/lib/Connection.js:526:10)
    at Socket.emit (node:events:514:28)
    at addChunk (node:internal/streams/readable:376:12)
    --------------------
    at Pool.query (/Users/xuhailong/Desktop/item-web/space-eaas/node_modules/mysql/lib/Pool.js:199:23)
    at node:internal/util:442:7
    at new Promise (<anonymous>)
    at Pool.query (node:internal/util:428:12)
    at RDSClient._query (/Users/xuhailong/Desktop/item-web/space-eaas/node_modules/ali-rds/lib/client.js:33:33)
    at RDSClient.query (/Users/xuhailong/Desktop/item-web/space-eaas/node_modules/ali-rds/lib/operator.js:62:31)
    at HomeController.register (/Users/xuhailong/Desktop/item-web/space-eaas/app/controller/login.js:13:23)
    at Object.callFn (/Users/xuhailong/Desktop/item-web/space-eaas/node_modules/egg-core/lib/utils/index.js:44:21)
    at Object.classControllerMiddleware (/Users/xuhailong/Desktop/item-web/space-eaas/node_modules/egg-core/lib/loader/mixin/controller.js:87:20)
    at Object.callFn (/Users/xuhailong/Desktop/item-web/space-eaas/node_modules/@eggjs/router/lib/utils.js:12:21)
    sql: SELECT users FROM mysql.users;
code: "ER_NO_SUCH_TABLE"
errno: 1146
sqlMessage: "Table 'mysql.users' doesn't exist"
sqlState: "42S02"
index: 0
sql: "SELECT users FROM mysql.users;"
headers: {"Access-Control-Allow-Origin":"*","vary":"Origin"}
name: "ER_NO_SUCH_TABLEError"
pid: 4207
hostname: xuhailongdeMacBook-Pro.local

